This is pdfTeX, Version 3.14159265-2.6-1.40.18 (MiKTeX 2.9.6350 64-bit) (preloaded format=pdflatex 2017.6.27)  30 AUG 2017 13:21
entering extended mode
**./jcgs-template.tex
(jcgs-template.tex
LaTeX2e <2017-04-15>
Babel <3.10> and hyphenation patterns for 75 language(s) loaded.

("C:\Users\greenweb\AppData\Local\Programs\MiKTeX 2.9\tex\latex\base\article.cl
s"
Document Class: article 2014/09/29 v1.4h Standard LaTeX document class
("C:\Users\greenweb\AppData\Local\Programs\MiKTeX 2.9\tex\latex\base\size12.clo
"
File: size12.clo 2014/09/29 v1.4h Standard LaTeX file (size option)
)
\c@part=\count79
\c@section=\count80
\c@subsection=\count81
\c@subsubsection=\count82
\c@paragraph=\count83
\c@subparagraph=\count84
\c@figure=\count85
\c@table=\count86
\abovecaptionskip=\skip41
\belowcaptionskip=\skip42
\bibindent=\dimen102
)
("C:\Users\greenweb\AppData\Local\Programs\MiKTeX 2.9\tex\latex\amsmath\amsmath
.sty"
Package: amsmath 2016/11/05 v2.16a AMS math features
\@mathmargin=\skip43

For additional information on amsmath, use the `?' option.

("C:\Users\greenweb\AppData\Local\Programs\MiKTeX 2.9\tex\latex\amsmath\amstext
.sty"
Package: amstext 2000/06/29 v2.01 AMS text

("C:\Users\greenweb\AppData\Local\Programs\MiKTeX 2.9\tex\latex\amsmath\amsgen.
sty"
File: amsgen.sty 1999/11/30 v2.0 generic functions
\@emptytoks=\toks14
\ex@=\dimen103
))
("C:\Users\greenweb\AppData\Local\Programs\MiKTeX 2.9\tex\latex\amsmath\amsbsy.
sty"
Package: amsbsy 1999/11/29 v1.2d Bold Symbols
\pmbraise@=\dimen104
)
("C:\Users\greenweb\AppData\Local\Programs\MiKTeX 2.9\tex\latex\amsmath\amsopn.
sty"
Package: amsopn 2016/03/08 v2.02 operator names
)
\inf@bad=\count87
LaTeX Info: Redefining \frac on input line 213.
\uproot@=\count88
\leftroot@=\count89
LaTeX Info: Redefining \overline on input line 375.
\classnum@=\count90
\DOTSCASE@=\count91
LaTeX Info: Redefining \ldots on input line 472.
LaTeX Info: Redefining \dots on input line 475.
LaTeX Info: Redefining \cdots on input line 596.
\Mathstrutbox@=\box26
\strutbox@=\box27
\big@size=\dimen105
LaTeX Font Info:    Redeclaring font encoding OML on input line 712.
LaTeX Font Info:    Redeclaring font encoding OMS on input line 713.
\macc@depth=\count92
\c@MaxMatrixCols=\count93
\dotsspace@=\muskip10
\c@parentequation=\count94
\dspbrk@lvl=\count95
\tag@help=\toks15
\row@=\count96
\column@=\count97
\maxfields@=\count98
\andhelp@=\toks16
\eqnshift@=\dimen106
\alignsep@=\dimen107
\tagshift@=\dimen108
\tagwidth@=\dimen109
\totwidth@=\dimen110
\lineht@=\dimen111
\@envbody=\toks17
\multlinegap=\skip44
\multlinetaggap=\skip45
\mathdisplay@stack=\toks18
LaTeX Info: Redefining \[ on input line 2817.
LaTeX Info: Redefining \] on input line 2818.
)
("C:\Users\greenweb\AppData\Local\Programs\MiKTeX 2.9\tex\latex\graphics\graphi
cx.sty"
Package: graphicx 2014/10/28 v1.0g Enhanced LaTeX Graphics (DPC,SPQR)

("C:\Users\greenweb\AppData\Local\Programs\MiKTeX 2.9\tex\latex\graphics\keyval
.sty"
Package: keyval 2014/10/28 v1.15 key=value parser (DPC)
\KV@toks@=\toks19
)
("C:\Users\greenweb\AppData\Local\Programs\MiKTeX 2.9\tex\latex\graphics\graphi
cs.sty"
Package: graphics 2017/04/14 v1.1b Standard LaTeX Graphics (DPC,SPQR)

("C:\Users\greenweb\AppData\Local\Programs\MiKTeX 2.9\tex\latex\graphics\trig.s
ty"
Package: trig 2016/01/03 v1.10 sin cos tan (DPC)
)
("C:\Users\greenweb\AppData\Local\Programs\MiKTeX 2.9\tex\latex\graphics-cfg\gr
aphics.cfg"
File: graphics.cfg 2016/06/04 v1.11 sample graphics configuration
)
Package graphics Info: Driver file: pdftex.def on input line 99.

("C:\Users\greenweb\AppData\Local\Programs\MiKTeX 2.9\tex\latex\graphics-def\pd
ftex.def"
File: pdftex.def 2017/01/12 v0.06k Graphics/color for pdfTeX

("C:\Users\greenweb\AppData\Local\Programs\MiKTeX 2.9\tex\generic\oberdiek\infw
arerr.sty"
Package: infwarerr 2016/05/16 v1.4 Providing info/warning/error messages (HO)
)
("C:\Users\greenweb\AppData\Local\Programs\MiKTeX 2.9\tex\generic\oberdiek\ltxc
mds.sty"
Package: ltxcmds 2016/05/16 v1.23 LaTeX kernel commands for general use (HO)
)
\Gread@gobject=\count99
))
\Gin@req@height=\dimen112
\Gin@req@width=\dimen113
)
("C:\Users\greenweb\AppData\Local\Programs\MiKTeX 2.9\tex\latex\psfrag\psfrag.s
ty"
Package: psfrag 1998/04/11 v3.04 PSfrag (MCG)
\pfg@pcount=\count100
\pfg@scount=\count101
\pfg@temp=\write3
)
("C:\Users\greenweb\AppData\Local\Programs\MiKTeX 2.9\tex\latex\epsf\epsf.sty"
This is `epsf.tex' v2.7.4 <14 February 2011>
\epsffilein=\read1
\epsfframemargin=\dimen114
\epsfframethickness=\dimen115
\epsfrsize=\dimen116
\epsftmp=\dimen117
\epsftsize=\dimen118
\epsfxsize=\dimen119
\epsfysize=\dimen120
\pspoints=\dimen121
)
("C:\Users\greenweb\AppData\Local\Programs\MiKTeX 2.9\tex\latex\tools\enumerate
.sty"
Package: enumerate 2015/07/23 v3.00 enumerate extensions (DPC)
\@enLab=\toks20
)
("C:\Users\greenweb\AppData\Local\Programs\MiKTeX 2.9\tex\latex\natbib\natbib.s
ty"
Package: natbib 2010/09/13 8.31b (PWD, AO)
\bibhang=\skip46
\bibsep=\skip47
LaTeX Info: Redefining \cite on input line 694.
\c@NAT@ctr=\count102
) ("C:\Users\greenweb\AppData\Local\Programs\MiKTeX 2.9\tex\latex\url\url.sty"
\Urlmuskip=\muskip11
Package: url 2013/09/16  ver 3.4  Verb mode for urls, etc.
)
("C:\Users\greenweb\AppData\Local\Programs\MiKTeX 2.9\tex\latex\algorithm2e\alg
orithm2e.sty"
Package: algorithm2e 2017/07/18 v5.2 algorithms environments
\c@AlgoLine=\count103

("C:\Users\greenweb\AppData\Local\Programs\MiKTeX 2.9\tex\latex\base\ifthen.sty
"
Package: ifthen 2014/09/29 v1.1c Standard LaTeX ifthen package (DPC)
)
\algocf@hangindent=\skip48

("C:\Users\greenweb\AppData\Local\Programs\MiKTeX 2.9\tex\latex\ifoddpage\ifodd
page.sty"
Package: ifoddpage 2016/04/23 v1.1 Conditionals for odd/even page detection
\c@checkoddpage=\count104
)
("C:\Users\greenweb\AppData\Local\Programs\MiKTeX 2.9\tex\latex\tools\xspace.st
y"
Package: xspace 2014/10/28 v1.13 Space after command names (DPC,MH)
)
("C:\Users\greenweb\AppData\Local\Programs\MiKTeX 2.9\tex\latex\ltxmisc\relsize
.sty"
Package: relsize 2003/07/04 ver 3.1
)
\skiptotal=\skip49
\skiplinenumber=\skip50
\skiprule=\skip51
\skiphlne=\skip52
\skiptext=\skip53
\skiplength=\skip54
\algomargin=\skip55
\skipalgocfslide=\skip56
\algowidth=\dimen122
\inoutsize=\dimen123
\inoutindent=\dimen124
\interspacetitleruled=\dimen125
\interspacealgoruled=\dimen126
\interspacetitleboxruled=\dimen127
\algocf@ruledwidth=\skip57
\algocf@inoutbox=\box28
\algocf@inputbox=\box29
\AlCapSkip=\skip58
\AlCapHSkip=\skip59
\algoskipindent=\skip60
\algocf@nlbox=\box30
\algocf@hangingbox=\box31
\algocf@untilbox=\box32
\algocf@skipuntil=\skip61
\algocf@capbox=\box33
\algocf@lcaptionbox=\skip62
\algoheightruledefault=\skip63
\algoheightrule=\skip64
\algotitleheightruledefault=\skip65
\algotitleheightrule=\skip66
\c@algocfline=\count105
\c@algocfproc=\count106
\c@algocf=\count107
\algocf@algoframe=\box34
\algocf@algobox=\box35
) (jcgs-template.aux)
\openout1 = `jcgs-template.aux'.

LaTeX Font Info:    Checking defaults for OML/cmm/m/it on input line 31.
LaTeX Font Info:    ... okay on input line 31.
LaTeX Font Info:    Checking defaults for T1/cmr/m/n on input line 31.
LaTeX Font Info:    ... okay on input line 31.
LaTeX Font Info:    Checking defaults for OT1/cmr/m/n on input line 31.
LaTeX Font Info:    ... okay on input line 31.
LaTeX Font Info:    Checking defaults for OMS/cmsy/m/n on input line 31.
LaTeX Font Info:    ... okay on input line 31.
LaTeX Font Info:    Checking defaults for OMX/cmex/m/n on input line 31.
LaTeX Font Info:    ... okay on input line 31.
LaTeX Font Info:    Checking defaults for U/cmr/m/n on input line 31.
LaTeX Font Info:    ... okay on input line 31.

("C:\Users\greenweb\AppData\Local\Programs\MiKTeX 2.9\tex\context\base\supp-pdf
.mkii"
[Loading MPS to PDF converter (version 2006.09.02).]
\scratchcounter=\count108
\scratchdimen=\dimen128
\scratchbox=\box36
\nofMPsegments=\count109
\nofMParguments=\count110
\everyMPshowfont=\toks21
\MPscratchCnt=\count111
\MPscratchDim=\dimen129
\MPnumerator=\count112
\makeMPintoPDFobject=\count113
\everyMPtoPDFconversion=\toks22
)
("C:\Users\greenweb\AppData\Local\Programs\MiKTeX 2.9\tex\generic\oberdiek\pdft
excmds.sty"
Package: pdftexcmds 2017/03/19 v0.25 Utility functions of pdfTeX for LuaTeX (HO
)

("C:\Users\greenweb\AppData\Local\Programs\MiKTeX 2.9\tex\generic\oberdiek\iflu
atex.sty"
Package: ifluatex 2016/05/16 v1.4 Provides the ifluatex switch (HO)
Package ifluatex Info: LuaTeX not detected.
)
("C:\Users\greenweb\AppData\Local\Programs\MiKTeX 2.9\tex\generic\oberdiek\ifpd
f.sty"
Package: ifpdf 2017/03/15 v3.2 Provides the ifpdf switch
)
Package pdftexcmds Info: LuaTeX not detected.
Package pdftexcmds Info: \pdf@primitive is available.
Package pdftexcmds Info: \pdf@ifprimitive is available.
Package pdftexcmds Info: \pdfdraftmode found.
)
("C:\Users\greenweb\AppData\Local\Programs\MiKTeX 2.9\tex\latex\oberdiek\epstop
df-base.sty"
Package: epstopdf-base 2016/05/15 v2.6 Base part for package epstopdf

("C:\Users\greenweb\AppData\Local\Programs\MiKTeX 2.9\tex\latex\oberdiek\grfext
.sty"
Package: grfext 2016/05/16 v1.2 Manage graphics extensions (HO)

("C:\Users\greenweb\AppData\Local\Programs\MiKTeX 2.9\tex\generic\oberdiek\kvde
finekeys.sty"
Package: kvdefinekeys 2016/05/16 v1.4 Define keys (HO)
))
("C:\Users\greenweb\AppData\Local\Programs\MiKTeX 2.9\tex\latex\oberdiek\kvopti
ons.sty"
Package: kvoptions 2016/05/16 v3.12 Key value format for package options (HO)

("C:\Users\greenweb\AppData\Local\Programs\MiKTeX 2.9\tex\generic\oberdiek\kvse
tkeys.sty"
Package: kvsetkeys 2016/05/16 v1.17 Key value parser (HO)

("C:\Users\greenweb\AppData\Local\Programs\MiKTeX 2.9\tex\generic\oberdiek\etex
cmds.sty"
Package: etexcmds 2016/05/16 v1.6 Avoid name clashes with e-TeX commands (HO)
Package etexcmds Info: Could not find \expanded.
(etexcmds)             That can mean that you are not using pdfTeX 1.50 or
(etexcmds)             that some package has redefined \expanded.
(etexcmds)             In the latter case, load this package earlier.
)))
Package epstopdf-base Info: Redefining graphics rule for `.eps' on input line 4
38.
Package grfext Info: Graphics extension search list:
(grfext)             [.png,.pdf,.jpg,.mps,.jpeg,.jbig2,.jb2,.PNG,.PDF,.JPG,.JPE
G,.JBIG2,.JB2,.eps]
(grfext)             \AppendGraphicsExtensions on input line 456.
)
LaTeX Font Info:    Try loading font information for OMS+cmr on input line 50.

("C:\Users\greenweb\AppData\Local\Programs\MiKTeX 2.9\tex\latex\base\omscmr.fd"
File: omscmr.fd 2014/09/29 v2.5h Standard LaTeX font definitions
)
LaTeX Font Info:    Font shape `OMS/cmr/m/n' in size <10> not available
(Font)              Font shape `OMS/cmsy/m/n' tried instead on input line 50.
LaTeX Font Info:    Font shape `OMS/cmr/m/n' in size <7> not available
(Font)              Font shape `OMS/cmsy/m/n' tried instead on input line 50.
 [1
Non-PDF special ignored!

{C:/Users/greenweb/AppData/Local/MiKTeX/2.9/pdftex/config/pdftex.map}] [2] [3] 
[4]
Overfull \hbox (2.16008pt too wide) detected at line 123
[][]
 []


Overfull \hbox (14.24867pt too wide) in paragraph at lines 125--126
[]\OT1/cmr/m/n/12 Nowadays, many su-per-vised learn-ing al-go-rithms can fit th
e data au-to-mat-i-cally in seconds---
 []

[5]
Overfull \hbox (17.62482pt too wide) detected at line 155
[][] 
 []

LaTeX Font Info:    Font shape `OT1/cmtt/bx/n' in size <12> not available
(Font)              Font shape `OT1/cmtt/m/n' tried instead on input line 161.
<boston-rf-vip.pdf, id=33, 578.16pt x 361.35pt>
File: boston-rf-vip.pdf Graphic file (type pdf)
 <use boston-rf-vip.pdf>
Package pdftex.def Info: boston-rf-vip.pdf used on input line 165.
(pdftex.def)             Requested size: 462.26999pt x 288.91498pt.

[6] <boston-rf-pdps.pdf, id=38, 867.24pt x 289.08pt>
File: boston-rf-pdps.pdf Graphic file (type pdf)
 <use boston-rf-pdps.pdf>
Package pdftex.def Info: boston-rf-pdps.pdf used on input line 173.
(pdftex.def)             Requested size: 462.26999pt x 154.08945pt.

Overfull \hbox (30.95894pt too wide) in paragraph at lines 169--176
[]\OT1/cmr/m/n/12 The par-tial de-pen-dence func-tions for these three vari-abl
es are dis-played in Fig-ure \OT1/cmr/bx/n/12 (fig:boston-
 []

[7 <./boston-rf-vip.pdf>] <boston-rf-vip-pd.pdf, id=48, 505.89pt x 289.08pt>
File: boston-rf-vip-pd.pdf Graphic file (type pdf)

<use boston-rf-vip-pd.pdf>
Package pdftex.def Info: boston-rf-vip-pd.pdf used on input line 200.
(pdftex.def)             Requested size: 462.26999pt x 264.15714pt.
 [8 <./boston-rf-pdps.pdf>] [9 <./boston-rf-vip-pd.pdf>] (jcgs-template.bbl [10
]) [11] (jcgs-template.aux) ) 
Here is how much of TeX's memory you used:
 3760 strings out of 493323
 54735 string characters out of 3128713
 131164 words of memory out of 3000000
 7236 multiletter control sequences out of 15000+200000
 14399 words of font info for 51 fonts, out of 3000000 for 9000
 1141 hyphenation exceptions out of 8191
 39i,11n,28p,1362b,394s stack positions out of 5000i,500n,10000p,200000b,50000s
<C:/Users/greenweb/AppData/Local/Programs/MiKTeX 2
.9/fonts/type1/public/amsfonts/cm/cmbx10.pfb><C:/Users/greenweb/AppData/Local/P
rograms/MiKTeX 2.9/fonts/type1/public/amsfonts/cm/cmbx12.pfb><C:/Users/greenweb
/AppData/Local/Programs/MiKTeX 2.9/fonts/type1/public/amsfonts/cm/cmex10.pfb><C
:/Users/greenweb/AppData/Local/Programs/MiKTeX 2.9/fonts/type1/public/amsfonts/
cm/cmmi12.pfb><C:/Users/greenweb/AppData/Local/Programs/MiKTeX 2.9/fonts/type1/
public/amsfonts/cm/cmmi6.pfb><C:/Users/greenweb/AppData/Local/Programs/MiKTeX 2
.9/fonts/type1/public/amsfonts/cm/cmmi8.pfb><C:/Users/greenweb/AppData/Local/Pr
ograms/MiKTeX 2.9/fonts/type1/public/amsfonts/cm/cmmib10.pfb><C:/Users/greenweb
/AppData/Local/Programs/MiKTeX 2.9/fonts/type1/public/amsfonts/cmextra/cmmib8.p
fb><C:/Users/greenweb/AppData/Local/Programs/MiKTeX 2.9/fonts/type1/public/amsf
onts/cm/cmr10.pfb><C:/Users/greenweb/AppData/Local/Programs/MiKTeX 2.9/fonts/ty
pe1/public/amsfonts/cm/cmr12.pfb><C:/Users/greenweb/AppData/Local/Programs/MiKT
eX 2.9/fonts/type1/public/amsfonts/cm/cmr8.pfb><C:/Users/greenweb/AppData/Local
/Programs/MiKTeX 2.9/fonts/type1/public/amsfonts/cm/cmsy10.pfb><C:/Users/greenw
eb/AppData/Local/Programs/MiKTeX 2.9/fonts/type1/public/amsfonts/cm/cmsy7.pfb><
C:/Users/greenweb/AppData/Local/Programs/MiKTeX 2.9/fonts/type1/public/amsfonts
/cm/cmsy8.pfb><C:/Users/greenweb/AppData/Local/Programs/MiKTeX 2.9/fonts/type1/
public/amsfonts/cm/cmti10.pfb><C:/Users/greenweb/AppData/Local/Programs/MiKTeX 
2.9/fonts/type1/public/amsfonts/cm/cmti12.pfb><C:/Users/greenweb/AppData/Local/
Programs/MiKTeX 2.9/fonts/type1/public/amsfonts/cm/cmtt12.pfb>
Output written on jcgs-template.pdf (11 pages, 237572 bytes).
PDF statistics:
 127 PDF objects out of 1000 (max. 8388607)
 0 named destinations out of 1000 (max. 500000)
 16 words of extra memory for PDF output out of 10000 (max. 10000000)

